Arguments: 
  /Users/sburrows/n/bin/node /usr/local/Cellar/yarn/0.27.5_1/libexec/bin/yarn.js add --dev jest

PATH: 
  /Users/sburrows/bin:/Projects/SDNProjects/onos/tools/package/runtime/bin:/usr/local/bin:/usr/bin:/bin:/usr/sbin:/sbin:/opt/X11/bin:/Applications/Wireshark.app/Contents/MacOS:/Projects/SDNProjects/onos/tools/dev/bin:/Projects/SDNProjects/onos/tools/test/bin:/Projects/SDNProjects/onos/tools/test/scenarios/bin:/Projects/SDNProjects/onos/tools/build:/Users/sburrows/Applications/apache-maven-3.3.9/bin:/Users/sburrows/Applications/apache-karaf-3.0.8/bin:/Users/sburrows/n/bin

Yarn version: 
  0.27.5

Node version: 
  8.1.2

Platform: 
  darwin x64

npm manifest: 
  {
    "name": "skeleton-key",
    "version": "0.0.1",
    "description": "Key Mapping Module",
    "main": "./lib/keymap-manager",
    "author": "Steven Burrows",
    "license": "ISC",
    "scripts": {
      "compile": "babel -d lib/ src/",
      "prepublish": "npm run compile",
      "test": "echo \"Error: no test specified\" && exit 1"
    },
    "keywords": [
      "key-mapping",
      "javascript"
    ],
    "dependencies": {
      "babel": "^6.23.0"
    },
    "homepage": "https://github.com/SMBurrows/skeleton-key#readme",
    "repository": {
      "type": "git",
      "url": "git+https://github.com/SMBurrows/skeleton-key.git"
    },
    "bugs": {
      "url": "https://github.com/SMBurrows/skeleton-key/issues"
    },
  }

yarn manifest: 
  No manifest

Lockfile: 
  # THIS IS AN AUTOGENERATED FILE. DO NOT EDIT THIS FILE DIRECTLY.
  # yarn lockfile v1
  
  
  babel@^6.23.0:
    version "6.23.0"
    resolved "https://registry.yarnpkg.com/babel/-/babel-6.23.0.tgz#d0d1e7d803e974765beea3232d4e153c0efb90f4"

Trace: 
  SyntaxError: /Projects/npm-libs/skeleton-key/package.json: Unexpected token } in JSON at position 680
      at JSON.parse (<anonymous>)
      at /usr/local/Cellar/yarn/0.27.5_1/libexec/lib/yarn-cli.js:747:57
      at Generator.next (<anonymous>)
      at step (/usr/local/Cellar/yarn/0.27.5_1/libexec/lib/yarn-cli.js:91:30)
      at /usr/local/Cellar/yarn/0.27.5_1/libexec/lib/yarn-cli.js:102:13
      at <anonymous>
